{
  "stats": {
    "suites": 3,
    "tests": 3,
    "passes": 3,
    "pending": 0,
    "failures": 0,
    "start": "2017-09-10T09:50:21.119Z",
    "end": "2017-09-10T09:50:27.115Z",
    "duration": 5996,
    "testsRegistered": 3,
    "passPercent": 100,
    "pendingPercent": 0,
    "other": 0,
    "hasOther": false,
    "skipped": 0,
    "hasSkipped": false,
    "passPercentClass": "success",
    "pendingPercentClass": "danger"
  },
  "suites": {
    "title": "",
    "suites": [
      {
        "title": "hooks",
        "suites": [
          {
            "title": "测试用户注册登录",
            "suites": [
              {
                "title": "注册用户",
                "suites": [],
                "tests": [
                  {
                    "title": "导航到登录页面",
                    "fullTitle": "测试用户注册登录 注册用户 导航到登录页面",
                    "timedOut": false,
                    "duration": 4361,
                    "state": "passed",
                    "speed": "slow",
                    "pass": true,
                    "fail": false,
                    "pending": false,
                    "code": "async function () {\n                await web.get(\"http://192.168.198.129:3000\")",
                    "err": {},
                    "isRoot": false,
                    "uuid": "dbda94d2-72b6-4147-acc3-a2776f74d597",
                    "parentUUID": "0cbf6b61-f854-4562-9c91-cbb74d2f31eb",
                    "isHook": false,
                    "skipped": false
                  },
                  {
                    "title": "点击注册按钮",
                    "fullTitle": "测试用户注册登录 注册用户 点击注册按钮",
                    "timedOut": false,
                    "duration": 424,
                    "state": "passed",
                    "speed": "slow",
                    "pass": true,
                    "fail": false,
                    "pending": false,
                    "code": "async function () {\n                await web.findElement({ css: '[href=\"/signup\"]' }).click()",
                    "err": {},
                    "isRoot": false,
                    "uuid": "0b5a1e54-4eb8-45ad-9ea4-9ceab7459d54",
                    "parentUUID": "0cbf6b61-f854-4562-9c91-cbb74d2f31eb",
                    "isHook": false,
                    "skipped": false
                  },
                  {
                    "title": "导航到用户注册页面",
                    "fullTitle": "测试用户注册登录 注册用户 导航到用户注册页面",
                    "timedOut": false,
                    "duration": 15,
                    "state": "passed",
                    "speed": "fast",
                    "pass": true,
                    "fail": false,
                    "pending": false,
                    "code": "async function () {\n                let singupurl = await web.getCurrentUrl();\n                return assert.equal(\"http://192.168.198.129:3000/signup\", singupurl)",
                    "err": {},
                    "isRoot": false,
                    "uuid": "9d8c377d-8815-452c-85bc-50ca4ad5133a",
                    "parentUUID": "0cbf6b61-f854-4562-9c91-cbb74d2f31eb",
                    "isHook": false,
                    "skipped": false
                  }
                ],
                "pending": [],
                "root": false,
                "_timeout": 60000,
                "file": "\\testHook.js",
                "uuid": "0cbf6b61-f854-4562-9c91-cbb74d2f31eb",
                "beforeHooks": [],
                "afterHooks": [],
                "fullFile": "D:\\AutoTest\\MyProject\\machajscase\\testHook.js",
                "passes": [
                  {
                    "title": "导航到登录页面",
                    "fullTitle": "测试用户注册登录 注册用户 导航到登录页面",
                    "timedOut": false,
                    "duration": 4361,
                    "state": "passed",
                    "speed": "slow",
                    "pass": true,
                    "fail": false,
                    "pending": false,
                    "code": "async function () {\n                await web.get(\"http://192.168.198.129:3000\")",
                    "err": {},
                    "isRoot": false,
                    "uuid": "dbda94d2-72b6-4147-acc3-a2776f74d597",
                    "parentUUID": "0cbf6b61-f854-4562-9c91-cbb74d2f31eb",
                    "isHook": false,
                    "skipped": false
                  },
                  {
                    "title": "点击注册按钮",
                    "fullTitle": "测试用户注册登录 注册用户 点击注册按钮",
                    "timedOut": false,
                    "duration": 424,
                    "state": "passed",
                    "speed": "slow",
                    "pass": true,
                    "fail": false,
                    "pending": false,
                    "code": "async function () {\n                await web.findElement({ css: '[href=\"/signup\"]' }).click()",
                    "err": {},
                    "isRoot": false,
                    "uuid": "0b5a1e54-4eb8-45ad-9ea4-9ceab7459d54",
                    "parentUUID": "0cbf6b61-f854-4562-9c91-cbb74d2f31eb",
                    "isHook": false,
                    "skipped": false
                  },
                  {
                    "title": "导航到用户注册页面",
                    "fullTitle": "测试用户注册登录 注册用户 导航到用户注册页面",
                    "timedOut": false,
                    "duration": 15,
                    "state": "passed",
                    "speed": "fast",
                    "pass": true,
                    "fail": false,
                    "pending": false,
                    "code": "async function () {\n                let singupurl = await web.getCurrentUrl();\n                return assert.equal(\"http://192.168.198.129:3000/signup\", singupurl)",
                    "err": {},
                    "isRoot": false,
                    "uuid": "9d8c377d-8815-452c-85bc-50ca4ad5133a",
                    "parentUUID": "0cbf6b61-f854-4562-9c91-cbb74d2f31eb",
                    "isHook": false,
                    "skipped": false
                  }
                ],
                "failures": [],
                "skipped": [],
                "hasBeforeHooks": false,
                "hasAfterHooks": false,
                "hasTests": true,
                "hasSuites": false,
                "totalTests": 3,
                "totalPasses": 3,
                "totalFailures": 0,
                "totalPending": 0,
                "totalSkipped": 0,
                "hasPasses": true,
                "hasFailures": false,
                "hasPending": false,
                "hasSkipped": false,
                "duration": 4800,
                "rootEmpty": false
              }
            ],
            "tests": [],
            "pending": [],
            "root": false,
            "_timeout": 60000,
            "file": "\\testHook.js",
            "uuid": "602c6946-79b4-4091-8f33-9de40b2c2196",
            "beforeHooks": [],
            "afterHooks": [],
            "fullFile": "D:\\AutoTest\\MyProject\\machajscase\\testHook.js",
            "passes": [],
            "failures": [],
            "skipped": [],
            "hasBeforeHooks": false,
            "hasAfterHooks": false,
            "hasTests": false,
            "hasSuites": true,
            "totalTests": 0,
            "totalPasses": 0,
            "totalFailures": 0,
            "totalPending": 0,
            "totalSkipped": 0,
            "hasPasses": false,
            "hasFailures": false,
            "hasPending": false,
            "hasSkipped": false,
            "duration": 0,
            "rootEmpty": false
          }
        ],
        "tests": [],
        "pending": [],
        "root": false,
        "_timeout": 2000,
        "file": "\\testHook.js",
        "uuid": "b46f595b-1996-4f82-976b-9ba3620b68d0",
        "beforeHooks": [
          {
            "title": "\"before all\" hook",
            "fullTitle": "hooks \"before all\" hook",
            "timedOut": false,
            "duration": 1,
            "pass": false,
            "fail": false,
            "pending": false,
            "code": "// runs before all tests in this block\nconsole.log(\"before\")",
            "err": {},
            "isRoot": false,
            "uuid": "7945b440-a914-40fb-bae8-ddecc664c619",
            "parentUUID": "b46f595b-1996-4f82-976b-9ba3620b68d0",
            "isHook": true,
            "skipped": false
          },
          {
            "title": "\"before each\" hook",
            "fullTitle": "hooks \"before each\" hook",
            "timedOut": false,
            "duration": 0,
            "pass": false,
            "fail": false,
            "pending": false,
            "code": "",
            "err": {},
            "isRoot": false,
            "uuid": "2baa2880-2da9-4e26-a6ba-d4f12724343f",
            "parentUUID": "b46f595b-1996-4f82-976b-9ba3620b68d0",
            "isHook": true,
            "skipped": false
          }
        ],
        "afterHooks": [
          {
            "title": "\"after all\" hook",
            "fullTitle": "hooks \"after all\" hook",
            "timedOut": false,
            "duration": 0,
            "pass": false,
            "fail": false,
            "pending": false,
            "code": "// runs after all tests in this block",
            "err": {},
            "isRoot": false,
            "uuid": "fe184c23-ba71-4697-aa5b-8138d257510f",
            "parentUUID": "b46f595b-1996-4f82-976b-9ba3620b68d0",
            "isHook": true,
            "skipped": false
          },
          {
            "title": "\"after each\" hook",
            "fullTitle": "hooks \"after each\" hook",
            "timedOut": false,
            "duration": 257,
            "pass": false,
            "fail": false,
            "pending": false,
            "code": "async function () {\n        // runs after each test in this block\n        console.log(\"after\")\n        await web.takeScreenshot().then(function (screenshot) {\n            fs.writeFileSync(new Date().valueOf()+\".png\", screenshot, \"base64\")\n        });",
            "err": {},
            "isRoot": false,
            "uuid": "9e1b4cb4-7763-4bb0-a060-68dfce48b87f",
            "parentUUID": "b46f595b-1996-4f82-976b-9ba3620b68d0",
            "isHook": true,
            "skipped": false
          }
        ],
        "fullFile": "D:\\AutoTest\\MyProject\\machajscase\\testHook.js",
        "passes": [],
        "failures": [],
        "skipped": [],
        "hasBeforeHooks": true,
        "hasAfterHooks": true,
        "hasTests": false,
        "hasSuites": true,
        "totalTests": 0,
        "totalPasses": 0,
        "totalFailures": 0,
        "totalPending": 0,
        "totalSkipped": 0,
        "hasPasses": false,
        "hasFailures": false,
        "hasPending": false,
        "hasSkipped": false,
        "duration": 0,
        "rootEmpty": false
      }
    ],
    "tests": [],
    "pending": [],
    "root": true,
    "_timeout": 2000,
    "uuid": "e66d90f0-5c12-411d-9afd-0ffc535b55ed",
    "beforeHooks": [],
    "afterHooks": [],
    "fullFile": "",
    "file": "",
    "passes": [],
    "failures": [],
    "skipped": [],
    "hasBeforeHooks": false,
    "hasAfterHooks": false,
    "hasTests": false,
    "hasSuites": true,
    "totalTests": 0,
    "totalPasses": 0,
    "totalFailures": 0,
    "totalPending": 0,
    "totalSkipped": 0,
    "hasPasses": false,
    "hasFailures": false,
    "hasPending": false,
    "hasSkipped": false,
    "duration": 0,
    "rootEmpty": true
  },
  "allTests": [
    {
      "title": "导航到登录页面",
      "fullTitle": "注册用户 导航到登录页面",
      "timedOut": false,
      "duration": 4361,
      "state": "passed",
      "speed": "slow",
      "pass": true,
      "fail": false,
      "pending": false,
      "code": "async function () {\n                await web.get(\"http://192.168.198.129:3000\")",
      "err": {},
      "isRoot": false,
      "uuid": "dbda94d2-72b6-4147-acc3-a2776f74d597",
      "parentUUID": "0cbf6b61-f854-4562-9c91-cbb74d2f31eb",
      "isHook": false,
      "skipped": false
    },
    {
      "title": "点击注册按钮",
      "fullTitle": "注册用户 点击注册按钮",
      "timedOut": false,
      "duration": 424,
      "state": "passed",
      "speed": "slow",
      "pass": true,
      "fail": false,
      "pending": false,
      "code": "async function () {\n                await web.findElement({ css: '[href=\"/signup\"]' }).click()",
      "err": {},
      "isRoot": false,
      "uuid": "0b5a1e54-4eb8-45ad-9ea4-9ceab7459d54",
      "parentUUID": "0cbf6b61-f854-4562-9c91-cbb74d2f31eb",
      "isHook": false,
      "skipped": false
    },
    {
      "title": "导航到用户注册页面",
      "fullTitle": "注册用户 导航到用户注册页面",
      "timedOut": false,
      "duration": 15,
      "state": "passed",
      "speed": "fast",
      "pass": true,
      "fail": false,
      "pending": false,
      "code": "async function () {\n                let singupurl = await web.getCurrentUrl();\n                return assert.equal(\"http://192.168.198.129:3000/signup\", singupurl)",
      "err": {},
      "isRoot": false,
      "uuid": "9d8c377d-8815-452c-85bc-50ca4ad5133a",
      "parentUUID": "0cbf6b61-f854-4562-9c91-cbb74d2f31eb",
      "isHook": false,
      "skipped": false
    }
  ],
  "allPending": [],
  "allPasses": [
    {
      "title": "导航到登录页面",
      "fullTitle": "注册用户 导航到登录页面",
      "timedOut": false,
      "duration": 4361,
      "state": "passed",
      "speed": "slow",
      "pass": true,
      "fail": false,
      "pending": false,
      "code": "async function () {\n                await web.get(\"http://192.168.198.129:3000\")",
      "err": {},
      "isRoot": false,
      "uuid": "dbda94d2-72b6-4147-acc3-a2776f74d597",
      "parentUUID": "0cbf6b61-f854-4562-9c91-cbb74d2f31eb",
      "isHook": false,
      "skipped": false
    },
    {
      "title": "点击注册按钮",
      "fullTitle": "注册用户 点击注册按钮",
      "timedOut": false,
      "duration": 424,
      "state": "passed",
      "speed": "slow",
      "pass": true,
      "fail": false,
      "pending": false,
      "code": "async function () {\n                await web.findElement({ css: '[href=\"/signup\"]' }).click()",
      "err": {},
      "isRoot": false,
      "uuid": "0b5a1e54-4eb8-45ad-9ea4-9ceab7459d54",
      "parentUUID": "0cbf6b61-f854-4562-9c91-cbb74d2f31eb",
      "isHook": false,
      "skipped": false
    },
    {
      "title": "导航到用户注册页面",
      "fullTitle": "注册用户 导航到用户注册页面",
      "timedOut": false,
      "duration": 15,
      "state": "passed",
      "speed": "fast",
      "pass": true,
      "fail": false,
      "pending": false,
      "code": "async function () {\n                let singupurl = await web.getCurrentUrl();\n                return assert.equal(\"http://192.168.198.129:3000/signup\", singupurl)",
      "err": {},
      "isRoot": false,
      "uuid": "9d8c377d-8815-452c-85bc-50ca4ad5133a",
      "parentUUID": "0cbf6b61-f854-4562-9c91-cbb74d2f31eb",
      "isHook": false,
      "skipped": false
    }
  ],
  "allFailures": [],
  "copyrightYear": 2017
}